[debug] [2022-12-30T10:10:25.131Z] ----------------------------------------------------------------------
[debug] [2022-12-30T10:10:25.133Z] Command:       C:\Program Files\nodejs\node.exe C:\Users\nhann\AppData\Roaming\npm\node_modules\firebase-tools\lib\bin\firebase.js init
[debug] [2022-12-30T10:10:25.133Z] CLI Version:   11.19.0
[debug] [2022-12-30T10:10:25.134Z] Platform:      win32
[debug] [2022-12-30T10:10:25.134Z] Node Version:  v16.14.0
[debug] [2022-12-30T10:10:25.135Z] Time:          Fri Dec 30 2022 17:10:25 GMT+0700 (Indochina Time)
[debug] [2022-12-30T10:10:25.135Z] ----------------------------------------------------------------------
[debug] 
[debug] [2022-12-30T10:10:25.206Z] > command requires scopes: ["email","openid","https://www.googleapis.com/auth/cloudplatformprojects.readonly","https://www.googleapis.com/auth/firebase","https://www.googleapis.com/auth/cloud-platform"]
[debug] [2022-12-30T10:10:25.206Z] > authorizing via signed-in user (nhanntdl98@gmail.com)
[info] 
     ######## #### ########  ######## ########     ###     ######  ########
     ##        ##  ##     ## ##       ##     ##  ##   ##  ##       ##
     ######    ##  ########  ######   ########  #########  ######  ######
     ##        ##  ##    ##  ##       ##     ## ##     ##       ## ##
     ##       #### ##     ## ######## ########  ##     ##  ######  ########

You're about to initialize a Firebase project in this directory:

  E:\caodaion\production\caodaion.github.io

Before we get started, keep in mind:

  * You are initializing within an existing Firebase project directory

